Дата: 2023-06-06
Час: 02:44:18
Список зареєстрованих користувачів:
root
daemon
bin
sys
sync
games
man
lp
mail
news
uucp
proxy
www-data
backup
list
irc
gnats
nobody
systemd-network
systemd-resolve
messagebus
systemd-timesync
syslog
_apt
uuidd
tcpdump
radnere
Uptime системи:
 02:44:18 up  2:34,  0 users,  load average: 0.52, 0.13, 0.04
Дата: 2023-06-06
Час: 02:44:44
Список зареєстрованих користувачів:
root
daemon
bin
sys
sync
games
man
lp
mail
news
uucp
proxy
www-data
backup
list
irc
gnats
nobody
systemd-network
systemd-resolve
messagebus
systemd-timesync
syslog
_apt
uuidd
tcpdump
radnere
Uptime системи:
 02:44:44 up  2:34,  0 users,  load average: 0.34, 0.12, 0.04
